0 info it worked if it ends with ok
1 verbose cli [ 'C:\\Program Files\\nodejs\\\\node.exe',
1 verbose cli   'C:\\Program Files\\nodejs\\node_modules\\npm\\bin\\npm-cli.js',
1 verbose cli   'test' ]
2 info using npm@2.5.1
3 info using node@v0.12.0
4 verbose node symlink C:\Program Files\nodejs\\node.exe
5 verbose config Skipping project config: C:\Users\Rocky/.npmrc. (matches userconfig)
6 verbose stack Error: ENOENT, open 'C:\Users\Rocky\package.json'
6 verbose stack     at Error (native)
7 verbose cwd C:\Users\Rocky\Documents\GitHub\mps-ui
8 error Windows_NT 6.1.7601
9 error argv "C:\\Program Files\\nodejs\\\\node.exe" "C:\\Program Files\\nodejs\\node_modules\\npm\\bin\\npm-cli.js" "test"
10 error node v0.12.0
11 error npm  v2.5.1
12 error path C:\Users\Rocky\package.json
13 error code ENOENT
14 error errno -4058
15 error enoent ENOENT, open 'C:\Users\Rocky\package.json'
15 error enoent This is most likely not a problem with npm itself
15 error enoent and is related to npm not being able to find a file.
16 verbose exit [ -4058, true ]
